2023-12-19 18:12:862 INFO  HomePage :94 - Hovering mouse and clicking on Desktops tab : [[ChromeDriver: chrome on windows (813595feb3ee30bb877a370fc8bc28dd)] -> xpath: //a[@class='dropdown-toggle'][normalize-space()='Desktops']]
2023-12-19 18:12:923 INFO  HomePage :78 - Hovering mouse and Clicking on show all desktops : [[ChromeDriver: chrome on windows (813595feb3ee30bb877a370fc8bc28dd)] -> xpath: //a[normalize-space()='Show AllDesktops']]
2023-12-19 18:12:106 INFO  DesktopPage :43 - Clicking on sort by  option tab : [[ChromeDriver: chrome on windows (813595feb3ee30bb877a370fc8bc28dd)] -> id: input-sort]
2023-12-19 18:12:891 INFO  DesktopPage :48 - Selecting sort by (A to Z) option : [[ChromeDriver: chrome on windows (813595feb3ee30bb877a370fc8bc28dd)] -> id: input-sort]
2023-12-19 18:12:376 INFO  HomePage :70 - Clicking on currency selector : [[ChromeDriver: chrome on windows (246060c6b189caeb0d440204c25bdb98)] -> xpath: //span[normalize-space()='Currency']]
2023-12-19 18:12:135 INFO  HomePage :72 - Clicking on currency GBP : [[ChromeDriver: chrome on windows (246060c6b189caeb0d440204c25bdb98)] -> xpath: //button[normalize-space()='£Pound Sterling']]
2023-12-19 18:12:329 INFO  HomePage :94 - Hovering mouse and clicking on Desktops tab : [[ChromeDriver: chrome on windows (246060c6b189caeb0d440204c25bdb98)] -> xpath: //a[@class='dropdown-toggle'][normalize-space()='Desktops']]
2023-12-19 18:12:448 INFO  HomePage :78 - Hovering mouse and Clicking on show all desktops : [[ChromeDriver: chrome on windows (246060c6b189caeb0d440204c25bdb98)] -> xpath: //a[normalize-space()='Show AllDesktops']]
2023-12-19 18:12:607 INFO  DesktopPage :43 - Clicking on sort by  option tab : [[ChromeDriver: chrome on windows (246060c6b189caeb0d440204c25bdb98)] -> id: input-sort]
2023-12-19 18:12:218 INFO  DesktopPage :48 - Selecting sort by (A to Z) option : [[ChromeDriver: chrome on windows (246060c6b189caeb0d440204c25bdb98)] -> id: input-sort]
2023-12-19 18:12:220 INFO  DesktopPage :98 - List Of Product : [[ChromeDriver: chrome on windows (246060c6b189caeb0d440204c25bdb98)] -> xpath: //h4/a]
2023-12-19 18:12:260 INFO  ProductPage :55 - Verify Product name : [[ChromeDriver: chrome on windows (246060c6b189caeb0d440204c25bdb98)] -> css selector: div[id='content'] h1]
2023-12-19 18:12:576 INFO  ShoppingCartPage :51 - Checking for shopping cart text : [[ChromeDriver: chrome on windows (246060c6b189caeb0d440204c25bdb98)] -> xpath: //div[@id='content']//h1]
2023-12-19 18:12:628 INFO  ShoppingCartPage :56 - Getting product name text in shopping cart : [[ChromeDriver: chrome on windows (246060c6b189caeb0d440204c25bdb98)] -> xpath: //div[@class = 'table-responsive']/table/tbody/tr/td[2]/a]
2023-12-19 18:12:695 INFO  ShoppingCartPage :66 - Getting model details in shopping cart : [[ChromeDriver: chrome on windows (246060c6b189caeb0d440204c25bdb98)] -> xpath: //div[@class = 'table-responsive']/table/tbody/tr/td[3]]
2023-12-19 18:12:754 INFO  ShoppingCartPage :71 - Getting total amount in shopping cart : [[ChromeDriver: chrome on windows (246060c6b189caeb0d440204c25bdb98)] -> xpath: //div[@class = 'table-responsive']/table/tbody/tr/td[6]]
2023-12-19 18:12:946 INFO  HomePage :70 - Clicking on currency selector : [[ChromeDriver: chrome on windows (a925aa19adef2c55ee0d536c37a3784f)] -> xpath: //span[normalize-space()='Currency']]
2023-12-19 18:12:844 INFO  HomePage :72 - Clicking on currency GBP : [[ChromeDriver: chrome on windows (a925aa19adef2c55ee0d536c37a3784f)] -> xpath: //button[normalize-space()='£Pound Sterling']]
2023-12-19 18:12:16 INFO  HomePage :94 - Hovering mouse and clicking on Desktops tab : [[ChromeDriver: chrome on windows (a925aa19adef2c55ee0d536c37a3784f)] -> xpath: //a[@class='dropdown-toggle'][normalize-space()='Desktops']]
2023-12-19 18:12:35 INFO  HomePage :78 - Hovering mouse and Clicking on show all desktops : [[ChromeDriver: chrome on windows (a925aa19adef2c55ee0d536c37a3784f)] -> xpath: //a[normalize-space()='Show AllDesktops']]
2023-12-19 18:12:160 INFO  DesktopPage :43 - Clicking on sort by  option tab : [[ChromeDriver: chrome on windows (a925aa19adef2c55ee0d536c37a3784f)] -> id: input-sort]
2023-12-19 18:12:801 INFO  DesktopPage :48 - Selecting sort by (A to Z) option : [[ChromeDriver: chrome on windows (a925aa19adef2c55ee0d536c37a3784f)] -> id: input-sort]
2023-12-19 18:12:872 INFO  DesktopPage :98 - List Of Product : [[ChromeDriver: chrome on windows (a925aa19adef2c55ee0d536c37a3784f)] -> xpath: //h4/a]
2023-12-19 18:12:903 INFO  ProductPage :55 - Verify Product name : [[ChromeDriver: chrome on windows (a925aa19adef2c55ee0d536c37a3784f)] -> css selector: div[id='content'] h1]
2023-12-19 18:12:98 INFO  ShoppingCartPage :51 - Checking for shopping cart text : [[ChromeDriver: chrome on windows (a925aa19adef2c55ee0d536c37a3784f)] -> xpath: //div[@id='content']//h1]
2023-12-19 18:12:156 INFO  ShoppingCartPage :56 - Getting product name text in shopping cart : [[ChromeDriver: chrome on windows (a925aa19adef2c55ee0d536c37a3784f)] -> xpath: //div[@class = 'table-responsive']/table/tbody/tr/td[2]/a]
2023-12-19 18:12:205 INFO  ShoppingCartPage :66 - Getting model details in shopping cart : [[ChromeDriver: chrome on windows (a925aa19adef2c55ee0d536c37a3784f)] -> xpath: //div[@class = 'table-responsive']/table/tbody/tr/td[3]]
2023-12-19 18:12:253 INFO  ShoppingCartPage :71 - Getting total amount in shopping cart : [[ChromeDriver: chrome on windows (a925aa19adef2c55ee0d536c37a3784f)] -> xpath: //div[@class = 'table-responsive']/table/tbody/tr/td[6]]
2023-12-19 18:12:128 INFO  HomePage :70 - Clicking on currency selector : [[ChromeDriver: chrome on windows (ee44fd4731ff32a6de98b82367b7e5b8)] -> xpath: //span[normalize-space()='Currency']]
2023-12-19 18:12:23 INFO  HomePage :72 - Clicking on currency GBP : [[ChromeDriver: chrome on windows (ee44fd4731ff32a6de98b82367b7e5b8)] -> xpath: //button[normalize-space()='£Pound Sterling']]
2023-12-19 18:12:221 INFO  HomePage :94 - Hovering mouse and clicking on Desktops tab : [[ChromeDriver: chrome on windows (ee44fd4731ff32a6de98b82367b7e5b8)] -> xpath: //a[@class='dropdown-toggle'][normalize-space()='Desktops']]
2023-12-19 18:12:212 INFO  HomePage :78 - Hovering mouse and Clicking on show all desktops : [[ChromeDriver: chrome on windows (ee44fd4731ff32a6de98b82367b7e5b8)] -> xpath: //a[normalize-space()='Show AllDesktops']]
2023-12-19 18:12:330 INFO  DesktopPage :43 - Clicking on sort by  option tab : [[ChromeDriver: chrome on windows (ee44fd4731ff32a6de98b82367b7e5b8)] -> id: input-sort]
2023-12-19 18:12:993 INFO  DesktopPage :48 - Selecting sort by (A to Z) option : [[ChromeDriver: chrome on windows (ee44fd4731ff32a6de98b82367b7e5b8)] -> id: input-sort]
2023-12-19 18:12:03 INFO  DesktopPage :98 - List Of Product : [[ChromeDriver: chrome on windows (ee44fd4731ff32a6de98b82367b7e5b8)] -> xpath: //h4/a]
2023-12-19 18:12:33 INFO  ProductPage :55 - Verify Product name : [[ChromeDriver: chrome on windows (ee44fd4731ff32a6de98b82367b7e5b8)] -> css selector: div[id='content'] h1]
2023-12-19 18:12:401 INFO  ShoppingCartPage :51 - Checking for shopping cart text : [[ChromeDriver: chrome on windows (ee44fd4731ff32a6de98b82367b7e5b8)] -> xpath: //div[@id='content']//h1]
2023-12-19 18:12:457 INFO  ShoppingCartPage :56 - Getting product name text in shopping cart : [[ChromeDriver: chrome on windows (ee44fd4731ff32a6de98b82367b7e5b8)] -> xpath: //div[@class = 'table-responsive']/table/tbody/tr/td[2]/a]
2023-12-19 18:12:514 INFO  ShoppingCartPage :66 - Getting model details in shopping cart : [[ChromeDriver: chrome on windows (ee44fd4731ff32a6de98b82367b7e5b8)] -> xpath: //div[@class = 'table-responsive']/table/tbody/tr/td[3]]
2023-12-19 18:12:571 INFO  ShoppingCartPage :71 - Getting total amount in shopping cart : [[ChromeDriver: chrome on windows (ee44fd4731ff32a6de98b82367b7e5b8)] -> xpath: //div[@class = 'table-responsive']/table/tbody/tr/td[6]]
2023-12-19 18:12:197 INFO  HomePage :70 - Clicking on currency selector : [[ChromeDriver: chrome on windows (8885378b02240a60166890dacd689ed1)] -> xpath: //span[normalize-space()='Currency']]
2023-12-19 18:12:05 INFO  HomePage :72 - Clicking on currency GBP : [[ChromeDriver: chrome on windows (8885378b02240a60166890dacd689ed1)] -> xpath: //button[normalize-space()='£Pound Sterling']]
2023-12-19 18:12:173 INFO  HomePage :94 - Hovering mouse and clicking on Desktops tab : [[ChromeDriver: chrome on windows (8885378b02240a60166890dacd689ed1)] -> xpath: //a[@class='dropdown-toggle'][normalize-space()='Desktops']]
2023-12-19 18:12:197 INFO  HomePage :78 - Hovering mouse and Clicking on show all desktops : [[ChromeDriver: chrome on windows (8885378b02240a60166890dacd689ed1)] -> xpath: //a[normalize-space()='Show AllDesktops']]
2023-12-19 18:12:276 INFO  DesktopPage :43 - Clicking on sort by  option tab : [[ChromeDriver: chrome on windows (8885378b02240a60166890dacd689ed1)] -> id: input-sort]
2023-12-19 18:12:860 INFO  DesktopPage :48 - Selecting sort by (A to Z) option : [[ChromeDriver: chrome on windows (8885378b02240a60166890dacd689ed1)] -> id: input-sort]
2023-12-19 18:12:928 INFO  DesktopPage :98 - List Of Product : [[ChromeDriver: chrome on windows (8885378b02240a60166890dacd689ed1)] -> xpath: //h4/a]
2023-12-19 18:12:956 INFO  ProductPage :55 - Verify Product name : [[ChromeDriver: chrome on windows (8885378b02240a60166890dacd689ed1)] -> css selector: div[id='content'] h1]
2023-12-19 18:12:158 INFO  ShoppingCartPage :51 - Checking for shopping cart text : [[ChromeDriver: chrome on windows (8885378b02240a60166890dacd689ed1)] -> xpath: //div[@id='content']//h1]
2023-12-19 18:12:203 INFO  ShoppingCartPage :56 - Getting product name text in shopping cart : [[ChromeDriver: chrome on windows (8885378b02240a60166890dacd689ed1)] -> xpath: //div[@class = 'table-responsive']/table/tbody/tr/td[2]/a]
2023-12-19 18:12:256 INFO  ShoppingCartPage :66 - Getting model details in shopping cart : [[ChromeDriver: chrome on windows (8885378b02240a60166890dacd689ed1)] -> xpath: //div[@class = 'table-responsive']/table/tbody/tr/td[3]]
2023-12-19 18:12:307 INFO  ShoppingCartPage :71 - Getting total amount in shopping cart : [[ChromeDriver: chrome on windows (8885378b02240a60166890dacd689ed1)] -> xpath: //div[@class = 'table-responsive']/table/tbody/tr/td[6]]
2023-12-19 18:12:904 INFO  HomePage :70 - Clicking on currency selector : [[ChromeDriver: chrome on windows (b98fb586ae969e526f324a977bf94050)] -> xpath: //span[normalize-space()='Currency']]
2023-12-19 18:12:76 INFO  HomePage :72 - Clicking on currency GBP : [[ChromeDriver: chrome on windows (b98fb586ae969e526f324a977bf94050)] -> xpath: //button[normalize-space()='£Pound Sterling']]
2023-12-19 18:12:275 INFO  HomePage :94 - Hovering mouse and clicking on Desktops tab : [[ChromeDriver: chrome on windows (b98fb586ae969e526f324a977bf94050)] -> xpath: //a[@class='dropdown-toggle'][normalize-space()='Desktops']]
2023-12-19 18:12:705 INFO  HomePage :78 - Hovering mouse and Clicking on show all desktops : [[ChromeDriver: chrome on windows (b98fb586ae969e526f324a977bf94050)] -> xpath: //a[normalize-space()='Show AllDesktops']]
2023-12-19 18:12:841 INFO  DesktopPage :43 - Clicking on sort by  option tab : [[ChromeDriver: chrome on windows (b98fb586ae969e526f324a977bf94050)] -> id: input-sort]
2023-12-19 18:12:481 INFO  DesktopPage :48 - Selecting sort by (A to Z) option : [[ChromeDriver: chrome on windows (b98fb586ae969e526f324a977bf94050)] -> id: input-sort]
2023-12-19 18:12:801 INFO  DesktopPage :98 - List Of Product : [[ChromeDriver: chrome on windows (b98fb586ae969e526f324a977bf94050)] -> xpath: //h4/a]
2023-12-19 18:12:831 INFO  ProductPage :55 - Verify Product name : [[ChromeDriver: chrome on windows (b98fb586ae969e526f324a977bf94050)] -> css selector: div[id='content'] h1]
2023-12-19 18:12:149 INFO  ShoppingCartPage :51 - Checking for shopping cart text : [[ChromeDriver: chrome on windows (b98fb586ae969e526f324a977bf94050)] -> xpath: //div[@id='content']//h1]
2023-12-19 18:12:205 INFO  ShoppingCartPage :56 - Getting product name text in shopping cart : [[ChromeDriver: chrome on windows (b98fb586ae969e526f324a977bf94050)] -> xpath: //div[@class = 'table-responsive']/table/tbody/tr/td[2]/a]
2023-12-19 18:12:254 INFO  ShoppingCartPage :66 - Getting model details in shopping cart : [[ChromeDriver: chrome on windows (b98fb586ae969e526f324a977bf94050)] -> xpath: //div[@class = 'table-responsive']/table/tbody/tr/td[3]]
2023-12-19 18:12:299 INFO  ShoppingCartPage :71 - Getting total amount in shopping cart : [[ChromeDriver: chrome on windows (b98fb586ae969e526f324a977bf94050)] -> xpath: //div[@class = 'table-responsive']/table/tbody/tr/td[6]]
2023-12-19 18:12:676 INFO  HomePage :70 - Clicking on currency selector : [[ChromeDriver: chrome on windows (d66aa01622683f440afa50a8619c07e6)] -> xpath: //span[normalize-space()='Currency']]
2023-12-19 18:12:04 INFO  HomePage :72 - Clicking on currency GBP : [[ChromeDriver: chrome on windows (d66aa01622683f440afa50a8619c07e6)] -> xpath: //button[normalize-space()='£Pound Sterling']]
2023-12-19 18:12:189 INFO  HomePage :94 - Hovering mouse and clicking on Desktops tab : [[ChromeDriver: chrome on windows (d66aa01622683f440afa50a8619c07e6)] -> xpath: //a[@class='dropdown-toggle'][normalize-space()='Desktops']]
2023-12-19 18:12:760 INFO  HomePage :78 - Hovering mouse and Clicking on show all desktops : [[ChromeDriver: chrome on windows (d66aa01622683f440afa50a8619c07e6)] -> xpath: //a[normalize-space()='Show AllDesktops']]
2023-12-19 18:12:940 INFO  DesktopPage :43 - Clicking on sort by  option tab : [[ChromeDriver: chrome on windows (d66aa01622683f440afa50a8619c07e6)] -> id: input-sort]
2023-12-19 18:12:575 INFO  DesktopPage :48 - Selecting sort by (A to Z) option : [[ChromeDriver: chrome on windows (d66aa01622683f440afa50a8619c07e6)] -> id: input-sort]
2023-12-19 18:12:604 INFO  DesktopPage :98 - List Of Product : [[ChromeDriver: chrome on windows (d66aa01622683f440afa50a8619c07e6)] -> xpath: //h4/a]
2023-12-19 18:12:634 INFO  ProductPage :55 - Verify Product name : [[ChromeDriver: chrome on windows (d66aa01622683f440afa50a8619c07e6)] -> css selector: div[id='content'] h1]
2023-12-19 18:12:962 INFO  ShoppingCartPage :51 - Checking for shopping cart text : [[ChromeDriver: chrome on windows (d66aa01622683f440afa50a8619c07e6)] -> xpath: //div[@id='content']//h1]
2023-12-19 18:12:09 INFO  ShoppingCartPage :56 - Getting product name text in shopping cart : [[ChromeDriver: chrome on windows (d66aa01622683f440afa50a8619c07e6)] -> xpath: //div[@class = 'table-responsive']/table/tbody/tr/td[2]/a]
2023-12-19 18:12:67 INFO  ShoppingCartPage :66 - Getting model details in shopping cart : [[ChromeDriver: chrome on windows (d66aa01622683f440afa50a8619c07e6)] -> xpath: //div[@class = 'table-responsive']/table/tbody/tr/td[3]]
2023-12-19 18:12:117 INFO  ShoppingCartPage :71 - Getting total amount in shopping cart : [[ChromeDriver: chrome on windows (d66aa01622683f440afa50a8619c07e6)] -> xpath: //div[@class = 'table-responsive']/table/tbody/tr/td[6]]
2023-12-19 18:12:330 INFO  HomePage :99 - Hovering mouse and clicking on Laptops and Notebooks tab : [[ChromeDriver: chrome on windows (dffa320a6346663b137cff074ca16a4f)] -> xpath: //a[normalize-space()='Laptops & Notebooks']]
2023-12-19 18:12:490 INFO  HomePage :82 - Hovering mouse and Clicking on show all Laptops and Notebooks : [[ChromeDriver: chrome on windows (dffa320a6346663b137cff074ca16a4f)] -> xpath: //a[normalize-space()='Show AllLaptops & Notebooks']]
2023-12-19 18:12:615 INFO  LaptopAndNoteBookPage :54 - Clicking on SortBy filter drop down : [[ChromeDriver: chrome on windows (dffa320a6346663b137cff074ca16a4f)] -> id: input-sort]
2023-12-19 18:12:252 INFO  LaptopAndNoteBookPage :58 - Selecting sort by Price(High>Low) option : [[ChromeDriver: chrome on windows (dffa320a6346663b137cff074ca16a4f)] -> id: input-sort]
2023-12-19 18:12:393 INFO  LaptopAndNoteBookPage :68 - Taking actual sorted product prices : [[[ChromeDriver: chrome on windows (dffa320a6346663b137cff074ca16a4f)] -> xpath: //p[@class ='price']], [[ChromeDriver: chrome on windows (dffa320a6346663b137cff074ca16a4f)] -> xpath: //p[@class ='price']], [[ChromeDriver: chrome on windows (dffa320a6346663b137cff074ca16a4f)] -> xpath: //p[@class ='price']], [[ChromeDriver: chrome on windows (dffa320a6346663b137cff074ca16a4f)] -> xpath: //p[@class ='price']], [[ChromeDriver: chrome on windows (dffa320a6346663b137cff074ca16a4f)] -> xpath: //p[@class ='price']]]
2023-12-19 18:12:512 INFO  LaptopAndNoteBookPage :81 - Taking the prices and sorting is by collection.sort : [[[ChromeDriver: chrome on windows (dffa320a6346663b137cff074ca16a4f)] -> xpath: //p[@class ='price']], [[ChromeDriver: chrome on windows (dffa320a6346663b137cff074ca16a4f)] -> xpath: //p[@class ='price']], [[ChromeDriver: chrome on windows (dffa320a6346663b137cff074ca16a4f)] -> xpath: //p[@class ='price']], [[ChromeDriver: chrome on windows (dffa320a6346663b137cff074ca16a4f)] -> xpath: //p[@class ='price']], [[ChromeDriver: chrome on windows (dffa320a6346663b137cff074ca16a4f)] -> xpath: //p[@class ='price']]]
2023-12-19 18:12:657 INFO  HomePage :99 - Hovering mouse and clicking on Laptops and Notebooks tab : [[ChromeDriver: chrome on windows (5041fcd6a99aa4351ea4e217f80aa92b)] -> xpath: //a[normalize-space()='Laptops & Notebooks']]
2023-12-19 18:12:808 INFO  HomePage :82 - Hovering mouse and Clicking on show all Laptops and Notebooks : [[ChromeDriver: chrome on windows (5041fcd6a99aa4351ea4e217f80aa92b)] -> xpath: //a[normalize-space()='Show AllLaptops & Notebooks']]
2023-12-19 18:12:888 INFO  LaptopAndNoteBookPage :54 - Clicking on SortBy filter drop down : [[ChromeDriver: chrome on windows (5041fcd6a99aa4351ea4e217f80aa92b)] -> id: input-sort]
2023-12-19 18:12:481 INFO  LaptopAndNoteBookPage :58 - Selecting sort by Price(High>Low) option : [[ChromeDriver: chrome on windows (5041fcd6a99aa4351ea4e217f80aa92b)] -> id: input-sort]
2023-12-19 18:12:133 INFO  LaptopAndNoteBookPage :87 - Clicking on MacBook product link : [[ChromeDriver: chrome on windows (5041fcd6a99aa4351ea4e217f80aa92b)] -> link text: MacBook]
2023-12-19 18:12:162 INFO  MacBookPage :31 - Getting text from macbook page : [[ChromeDriver: chrome on windows (5041fcd6a99aa4351ea4e217f80aa92b)] -> xpath: //h1[contains(text(),'MacBook')]]
2023-12-19 18:12:279 INFO  MacBookPage :37 - Clicking on add to cart : [[ChromeDriver: chrome on windows (5041fcd6a99aa4351ea4e217f80aa92b)] -> xpath: //button[@id='button-cart']]
2023-12-19 18:12:706 INFO  MacBookPage :41 - Checking for product added to cart successfully : [[ChromeDriver: chrome on windows (5041fcd6a99aa4351ea4e217f80aa92b)] -> css selector: body:nth-child(2) div.container:nth-child(4) > div.alert.alert-success.alert-dismissible]
2023-12-19 18:12:237 INFO  MacBookPage :47 - Clicking on shopping cart : [[ChromeDriver: chrome on windows (5041fcd6a99aa4351ea4e217f80aa92b)] -> xpath: //div[@class='alert alert-success alert-dismissible']/a[2]]
2023-12-19 18:12:261 INFO  ShoppingCartPage :51 - Checking for shopping cart text : [[ChromeDriver: chrome on windows (5041fcd6a99aa4351ea4e217f80aa92b)] -> xpath: //div[@id='content']//h1]
2023-12-19 18:12:308 INFO  ShoppingCartPage :56 - Getting product name text in shopping cart : [[ChromeDriver: chrome on windows (5041fcd6a99aa4351ea4e217f80aa92b)] -> xpath: //div[@class = 'table-responsive']/table/tbody/tr/td[2]/a]
2023-12-19 18:12:511 INFO  ShoppingCartPage :78 - Sending quantity to quantity box in shopping cart : [[ChromeDriver: chrome on windows (5041fcd6a99aa4351ea4e217f80aa92b)] -> xpath: //div[@class='input-group btn-block']/input[@type='text']]
2023-12-19 18:12:366 INFO  ShoppingCartPage :83 - Clicking on refresh button : [[ChromeDriver: chrome on windows (5041fcd6a99aa4351ea4e217f80aa92b)] -> xpath: //i[@class = 'fa fa-refresh']]
2023-12-19 18:12:396 INFO  ShoppingCartPage :87 - Checking for success message after refreshing the product : [[ChromeDriver: chrome on windows (5041fcd6a99aa4351ea4e217f80aa92b)] -> xpath: //div[@id='checkout-cart']/div[1]]
2023-12-19 18:12:448 INFO  ShoppingCartPage :71 - Getting total amount in shopping cart : [[ChromeDriver: chrome on windows (5041fcd6a99aa4351ea4e217f80aa92b)] -> xpath: //div[@class = 'table-responsive']/table/tbody/tr/td[6]]
2023-12-19 18:12:48 INFO  ShoppingCartPage :93 - Clicking on logout button : Proxy element for: DefaultElementLocator 'By.xpath: //i[@class = 'fa fa-refresh']'
2023-12-19 18:12:81 INFO  CheckOutPage :87 - Getting text from checkout page : [[ChromeDriver: chrome on windows (5041fcd6a99aa4351ea4e217f80aa92b)] -> xpath: //h1[contains(text(),'Checkout')]]
2023-12-19 18:12:111 INFO  CheckOutPage :92 - Getting New Customer text : [[ChromeDriver: chrome on windows (5041fcd6a99aa4351ea4e217f80aa92b)] -> xpath: //h2[contains(text(),'New Customer')]]
2023-12-19 18:12:219 INFO  CheckOutPage :98 - Clicking on Guest checkout radio button : [[ChromeDriver: chrome on windows (5041fcd6a99aa4351ea4e217f80aa92b)] -> xpath: //div[@id='checkout-checkout']//input[@value='guest']]
2023-12-19 18:12:301 INFO  CheckOutPage :103 - Clicking on continue button : [[ChromeDriver: chrome on windows (5041fcd6a99aa4351ea4e217f80aa92b)] -> xpath: //input[@id='button-account']]
2023-12-19 18:12:704 INFO  CheckOutPage :118 - Sending firstname to billing details : [[ChromeDriver: chrome on windows (5041fcd6a99aa4351ea4e217f80aa92b)] -> id: input-payment-firstname]
2023-12-19 18:12:839 INFO  CheckOutPage :123 - Sending lastname to billing details : [[ChromeDriver: chrome on windows (5041fcd6a99aa4351ea4e217f80aa92b)] -> id: input-payment-lastname]
2023-12-19 18:12:972 INFO  CheckOutPage :128 - Sending email to billing details : [[ChromeDriver: chrome on windows (5041fcd6a99aa4351ea4e217f80aa92b)] -> id: input-payment-email]
2023-12-19 18:12:117 INFO  CheckOutPage :133 - Sending telephone to billing details : [[ChromeDriver: chrome on windows (5041fcd6a99aa4351ea4e217f80aa92b)] -> id: input-payment-telephone]
2023-12-19 18:12:270 INFO  CheckOutPage :138 - Sending address to billing details : [[ChromeDriver: chrome on windows (5041fcd6a99aa4351ea4e217f80aa92b)] -> id: input-payment-address-1]
2023-12-19 18:12:420 INFO  CheckOutPage :143 - Sending city to billing details : [[ChromeDriver: chrome on windows (5041fcd6a99aa4351ea4e217f80aa92b)] -> id: input-payment-city]
2023-12-19 18:12:555 INFO  CheckOutPage :148 - Sending postcode to billing details : [[ChromeDriver: chrome on windows (5041fcd6a99aa4351ea4e217f80aa92b)] -> id: input-payment-postcode]
2023-12-19 18:12:712 INFO  CheckOutPage :153 - Selecting country to billing details from dropdown : [[ChromeDriver: chrome on windows (5041fcd6a99aa4351ea4e217f80aa92b)] -> id: input-payment-country]
2023-12-19 18:12:886 INFO  CheckOutPage :158 - Selecting region to billing details from dropdown : [[ChromeDriver: chrome on windows (5041fcd6a99aa4351ea4e217f80aa92b)] -> id: input-payment-zone]
2023-12-19 18:12:986 INFO  CheckOutPage :108 - Clicking on continue button in billing details : [[ChromeDriver: chrome on windows (5041fcd6a99aa4351ea4e217f80aa92b)] -> xpath: //input[@id='button-guest']]
2023-12-19 18:12:464 INFO  CheckOutPage :163 - Sending comments to billing details : [[ChromeDriver: chrome on windows (5041fcd6a99aa4351ea4e217f80aa92b)] -> name: comment]
2023-12-19 18:12:653 INFO  CheckOutPage :168 - Clicking on terms and condition check box : [[ChromeDriver: chrome on windows (5041fcd6a99aa4351ea4e217f80aa92b)] -> xpath: //input[@name = 'agree']]
2023-12-19 18:12:787 INFO  CheckOutPage :113 - Clicking on continue button in comments details : [[ChromeDriver: chrome on windows (5041fcd6a99aa4351ea4e217f80aa92b)] -> id: button-payment-method]
2023-12-19 18:12:165 INFO  CheckOutPage :172 - Getting a payment method required warning message : [[ChromeDriver: chrome on windows (5041fcd6a99aa4351ea4e217f80aa92b)] -> xpath: //div[@class='alert alert-danger alert-dismissible']]
2023-12-19 18:12:661 INFO  HomePage :122 - Clicking on My Accounts Tab : [[ChromeDriver: chrome on windows (7de9b6a6eb75a85260ff02fa7c4c6083)] -> xpath: //span[contains(text(),'My Account')]]
2023-12-19 18:12:258 INFO  HomePage :126 - Getting text from Register Account : [[ChromeDriver: chrome on windows (7de9b6a6eb75a85260ff02fa7c4c6083)] -> xpath: //h1[contains(text(),'Register Account')]]
2023-12-19 18:12:544 INFO  HomePage :122 - Clicking on My Accounts Tab : [[ChromeDriver: chrome on windows (6540567a8c1ad4823c09edfa13c8f62b)] -> xpath: //span[contains(text(),'My Account')]]
2023-12-19 18:12:124 INFO  HomePage :131 - Getting text from Login Account : [[ChromeDriver: chrome on windows (6540567a8c1ad4823c09edfa13c8f62b)] -> xpath: //h2[contains(text(),'Returning Customer')]]
2023-12-19 18:12:553 INFO  HomePage :122 - Clicking on My Accounts Tab : [[ChromeDriver: chrome on windows (e4f75f3ce8e540c478fc35a6e397a3ac)] -> xpath: //span[contains(text(),'My Account')]]
2023-12-19 18:12:98 INFO  RegisterPage :53 - Sending firstname to register page : [[ChromeDriver: chrome on windows (e4f75f3ce8e540c478fc35a6e397a3ac)] -> name: firstname]
2023-12-19 18:12:245 INFO  RegisterPage :58 - Sending lastname to register page : [[ChromeDriver: chrome on windows (e4f75f3ce8e540c478fc35a6e397a3ac)] -> name: lastname]
2023-12-19 18:12:410 INFO  RegisterPage :63 - Sending email to register page : [[ChromeDriver: chrome on windows (e4f75f3ce8e540c478fc35a6e397a3ac)] -> name: email]
2023-12-19 18:12:543 INFO  RegisterPage :68 - Sending telephone to register page : [[ChromeDriver: chrome on windows (e4f75f3ce8e540c478fc35a6e397a3ac)] -> name: telephone]
2023-12-19 18:12:682 INFO  RegisterPage :73 - Sending password to register page : [[ChromeDriver: chrome on windows (e4f75f3ce8e540c478fc35a6e397a3ac)] -> name: password]
2023-12-19 18:12:830 INFO  RegisterPage :78 - Sending confirm password to register page : [[ChromeDriver: chrome on windows (e4f75f3ce8e540c478fc35a6e397a3ac)] -> name: confirm]
2023-12-19 18:12:945 INFO  RegisterPage :83 - Clicking on newsletter check box : [[ChromeDriver: chrome on windows (e4f75f3ce8e540c478fc35a6e397a3ac)] -> name: newsletter]
2023-12-19 18:12:55 INFO  RegisterPage :88 - Clicking on privacy policy check box : [[ChromeDriver: chrome on windows (e4f75f3ce8e540c478fc35a6e397a3ac)] -> name: agree]
2023-12-19 18:12:93 INFO  RegisterPage :93 - Clicking on continue button : [[ChromeDriver: chrome on windows (e4f75f3ce8e540c478fc35a6e397a3ac)] -> xpath: //input[@type='submit']]
2023-12-19 18:12:118 INFO  AccountCreationPage :24 - Getting account creation text Proxy element for: DefaultElementLocator 'By.xpath: //h1[normalize-space()='Your Account Has Been Created!']'
2023-12-19 18:12:538 INFO  HomePage :122 - Clicking on My Accounts Tab : [[ChromeDriver: chrome on windows (7c72e5a59b86dedcdaa015992c1e8ddc)] -> xpath: //span[contains(text(),'My Account')]]
2023-12-19 18:12:211 INFO  LoginPage :28 - Sending email to login page: [[ChromeDriver: chrome on windows (7c72e5a59b86dedcdaa015992c1e8ddc)] -> name: email]
2023-12-19 18:12:294 INFO  LoginPage :33 - Sending password to login page: [[ChromeDriver: chrome on windows (7c72e5a59b86dedcdaa015992c1e8ddc)] -> name: password]
2023-12-19 18:12:122 INFO  LoginPage :38 - Clicking on login button: [[ChromeDriver: chrome on windows (7c72e5a59b86dedcdaa015992c1e8ddc)] -> xpath: //input[@value='Login']]
2023-12-19 18:12:141 INFO  AccountPage :55 - Getting text from my account : [[ChromeDriver: chrome on windows (7c72e5a59b86dedcdaa015992c1e8ddc)] -> xpath: //div[@id='content']/h2[text()='My Account']]
2023-12-19 18:12:239 INFO  AccountPage :46 - Clicking on My Account link : [[ChromeDriver: chrome on windows (7c72e5a59b86dedcdaa015992c1e8ddc)] -> xpath: //a[@title='My Account']]
2023-12-19 18:12:73 INFO  LogoutPage :19 - Getting text from logout page : [[ChromeDriver: chrome on windows (7c72e5a59b86dedcdaa015992c1e8ddc)] -> xpath: //h1[contains(text(),'Account Logout')]]
2023-12-19 18:12:115 INFO  AccountCreationPage :29 - Clicking on continue after account button [[ChromeDriver: chrome on windows (7c72e5a59b86dedcdaa015992c1e8ddc)] -> xpath: //a[text()='Continue']]
2023-12-19 18:12:159 INFO  HomePage :94 - Hovering mouse and clicking on Desktops tab : [[ChromeDriver: chrome on windows (bee608fb0f5e97c78752757319baee57)] -> xpath: //a[@class='dropdown-toggle'][normalize-space()='Desktops']]
2023-12-19 18:12:547 INFO  HomePage :78 - Hovering mouse and Clicking on show all desktops : [[ChromeDriver: chrome on windows (bee608fb0f5e97c78752757319baee57)] -> xpath: //a[normalize-space()='Show AllDesktops']]
2023-12-19 18:12:574 INFO  DesktopPage :37 - Getting text from desktops page : [[ChromeDriver: chrome on windows (bee608fb0f5e97c78752757319baee57)] -> xpath: //h2[contains(text(),'Desktops')]]
2023-12-19 18:12:169 INFO  HomePage :99 - Hovering mouse and clicking on Laptops and Notebooks tab : [[ChromeDriver: chrome on windows (0ab1e4995546c2bb0add019372c05b81)] -> xpath: //a[normalize-space()='Laptops & Notebooks']]
2023-12-19 18:12:329 INFO  HomePage :82 - Hovering mouse and Clicking on show all Laptops and Notebooks : [[ChromeDriver: chrome on windows (0ab1e4995546c2bb0add019372c05b81)] -> xpath: //a[normalize-space()='Show AllLaptops & Notebooks']]
2023-12-19 18:12:361 INFO  LaptopAndNoteBookPage :35 - Getting text from Laptops and Notebooks page : [[ChromeDriver: chrome on windows (0ab1e4995546c2bb0add019372c05b81)] -> xpath: //h2[contains(text(),'Laptops & Notebooks')]]
2023-12-19 18:12:162 INFO  HomePage :104 - Hovering mouse and clicking on Components tab : [[ChromeDriver: chrome on windows (41748ec09ea0d5ba90148bad7d734e54)] -> xpath: //a[normalize-space()='Components']]
2023-12-19 18:12:00 INFO  HomePage :86 - Hovering mouse and Clicking on show all Components : [[ChromeDriver: chrome on windows (41748ec09ea0d5ba90148bad7d734e54)] -> xpath: //a[normalize-space()='Components']]
2023-12-19 18:12:22 INFO  ComponentsPage :19 - Getting text from components page : [[ChromeDriver: chrome on windows (41748ec09ea0d5ba90148bad7d734e54)] -> xpath: //h2[contains(text(),'Components')]]
2023-12-19 18:12:598 INFO  HomePage :94 - Hovering mouse and clicking on Desktops tab : [[ChromeDriver: chrome on windows (16bb9962b1dd4bedce387d048117093f)] -> xpath: //a[@class='dropdown-toggle'][normalize-space()='Desktops']]
2023-12-19 18:12:137 INFO  HomePage :78 - Hovering mouse and Clicking on show all desktops : [[ChromeDriver: chrome on windows (16bb9962b1dd4bedce387d048117093f)] -> xpath: //a[normalize-space()='Show AllDesktops']]
2023-12-19 18:12:269 INFO  DesktopPage :43 - Clicking on sort by  option tab : [[ChromeDriver: chrome on windows (16bb9962b1dd4bedce387d048117093f)] -> id: input-sort]
2023-12-19 18:12:39 INFO  DesktopPage :48 - Selecting sort by (A to Z) option : [[ChromeDriver: chrome on windows (16bb9962b1dd4bedce387d048117093f)] -> id: input-sort]
2023-12-19 18:12:868 INFO  HomePage :70 - Clicking on currency selector : [[ChromeDriver: chrome on windows (9cffdbe5b87a46f9b92632ec90c4d81a)] -> xpath: //span[normalize-space()='Currency']]
2023-12-19 18:12:782 INFO  HomePage :72 - Clicking on currency GBP : [[ChromeDriver: chrome on windows (9cffdbe5b87a46f9b92632ec90c4d81a)] -> xpath: //button[normalize-space()='£Pound Sterling']]
2023-12-19 18:12:110 INFO  HomePage :94 - Hovering mouse and clicking on Desktops tab : [[ChromeDriver: chrome on windows (9cffdbe5b87a46f9b92632ec90c4d81a)] -> xpath: //a[@class='dropdown-toggle'][normalize-space()='Desktops']]
2023-12-19 18:12:945 INFO  HomePage :78 - Hovering mouse and Clicking on show all desktops : [[ChromeDriver: chrome on windows (9cffdbe5b87a46f9b92632ec90c4d81a)] -> xpath: //a[normalize-space()='Show AllDesktops']]
2023-12-19 18:12:244 INFO  DesktopPage :43 - Clicking on sort by  option tab : [[ChromeDriver: chrome on windows (9cffdbe5b87a46f9b92632ec90c4d81a)] -> id: input-sort]
2023-12-19 18:12:72 INFO  DesktopPage :48 - Selecting sort by (A to Z) option : [[ChromeDriver: chrome on windows (9cffdbe5b87a46f9b92632ec90c4d81a)] -> id: input-sort]
2023-12-19 18:12:213 INFO  DesktopPage :98 - List Of Product : [[ChromeDriver: chrome on windows (9cffdbe5b87a46f9b92632ec90c4d81a)] -> xpath: //h4/a]
2023-12-19 18:12:417 INFO  ProductPage :55 - Verify Product name : [[ChromeDriver: chrome on windows (9cffdbe5b87a46f9b92632ec90c4d81a)] -> css selector: div[id='content'] h1]
2023-12-19 18:12:155 INFO  ShoppingCartPage :51 - Checking for shopping cart text : [[ChromeDriver: chrome on windows (9cffdbe5b87a46f9b92632ec90c4d81a)] -> xpath: //div[@id='content']//h1]
2023-12-19 18:12:438 INFO  ShoppingCartPage :56 - Getting product name text in shopping cart : [[ChromeDriver: chrome on windows (9cffdbe5b87a46f9b92632ec90c4d81a)] -> xpath: //div[@class = 'table-responsive']/table/tbody/tr/td[2]/a]
2023-12-19 18:12:574 INFO  ShoppingCartPage :66 - Getting model details in shopping cart : [[ChromeDriver: chrome on windows (9cffdbe5b87a46f9b92632ec90c4d81a)] -> xpath: //div[@class = 'table-responsive']/table/tbody/tr/td[3]]
2023-12-19 18:12:687 INFO  ShoppingCartPage :71 - Getting total amount in shopping cart : [[ChromeDriver: chrome on windows (9cffdbe5b87a46f9b92632ec90c4d81a)] -> xpath: //div[@class = 'table-responsive']/table/tbody/tr/td[6]]
2023-12-19 18:12:911 INFO  HomePage :70 - Clicking on currency selector : [[ChromeDriver: chrome on windows (af49b62f386188762b863b8c17455e9e)] -> xpath: //span[normalize-space()='Currency']]
2023-12-19 18:12:51 INFO  HomePage :72 - Clicking on currency GBP : [[ChromeDriver: chrome on windows (af49b62f386188762b863b8c17455e9e)] -> xpath: //button[normalize-space()='£Pound Sterling']]
2023-12-19 18:12:354 INFO  HomePage :94 - Hovering mouse and clicking on Desktops tab : [[ChromeDriver: chrome on windows (af49b62f386188762b863b8c17455e9e)] -> xpath: //a[@class='dropdown-toggle'][normalize-space()='Desktops']]
2023-12-19 18:12:677 INFO  HomePage :78 - Hovering mouse and Clicking on show all desktops : [[ChromeDriver: chrome on windows (af49b62f386188762b863b8c17455e9e)] -> xpath: //a[normalize-space()='Show AllDesktops']]
2023-12-19 18:12:911 INFO  DesktopPage :43 - Clicking on sort by  option tab : [[ChromeDriver: chrome on windows (af49b62f386188762b863b8c17455e9e)] -> id: input-sort]
2023-12-19 18:12:101 INFO  DesktopPage :48 - Selecting sort by (A to Z) option : [[ChromeDriver: chrome on windows (af49b62f386188762b863b8c17455e9e)] -> id: input-sort]
2023-12-19 18:12:500 INFO  DesktopPage :98 - List Of Product : [[ChromeDriver: chrome on windows (af49b62f386188762b863b8c17455e9e)] -> xpath: //h4/a]
2023-12-19 18:12:577 INFO  ProductPage :55 - Verify Product name : [[ChromeDriver: chrome on windows (af49b62f386188762b863b8c17455e9e)] -> css selector: div[id='content'] h1]
2023-12-19 18:12:266 INFO  ShoppingCartPage :51 - Checking for shopping cart text : [[ChromeDriver: chrome on windows (af49b62f386188762b863b8c17455e9e)] -> xpath: //div[@id='content']//h1]
2023-12-19 18:12:382 INFO  ShoppingCartPage :56 - Getting product name text in shopping cart : [[ChromeDriver: chrome on windows (af49b62f386188762b863b8c17455e9e)] -> xpath: //div[@class = 'table-responsive']/table/tbody/tr/td[2]/a]
2023-12-19 18:12:516 INFO  ShoppingCartPage :66 - Getting model details in shopping cart : [[ChromeDriver: chrome on windows (af49b62f386188762b863b8c17455e9e)] -> xpath: //div[@class = 'table-responsive']/table/tbody/tr/td[3]]
2023-12-19 18:12:657 INFO  ShoppingCartPage :71 - Getting total amount in shopping cart : [[ChromeDriver: chrome on windows (af49b62f386188762b863b8c17455e9e)] -> xpath: //div[@class = 'table-responsive']/table/tbody/tr/td[6]]
2023-12-19 18:12:82 INFO  HomePage :70 - Clicking on currency selector : [[ChromeDriver: chrome on windows (b3fc00ea6379c21ec7367f0f3babe70b)] -> xpath: //span[normalize-space()='Currency']]
2023-12-19 18:12:686 INFO  HomePage :72 - Clicking on currency GBP : [[ChromeDriver: chrome on windows (b3fc00ea6379c21ec7367f0f3babe70b)] -> xpath: //button[normalize-space()='£Pound Sterling']]
2023-12-19 18:12:908 INFO  HomePage :94 - Hovering mouse and clicking on Desktops tab : [[ChromeDriver: chrome on windows (b3fc00ea6379c21ec7367f0f3babe70b)] -> xpath: //a[@class='dropdown-toggle'][normalize-space()='Desktops']]
2023-12-19 18:12:200 INFO  HomePage :78 - Hovering mouse and Clicking on show all desktops : [[ChromeDriver: chrome on windows (b3fc00ea6379c21ec7367f0f3babe70b)] -> xpath: //a[normalize-space()='Show AllDesktops']]
2023-12-19 18:12:449 INFO  DesktopPage :43 - Clicking on sort by  option tab : [[ChromeDriver: chrome on windows (b3fc00ea6379c21ec7367f0f3babe70b)] -> id: input-sort]
2023-12-19 18:12:753 INFO  DesktopPage :48 - Selecting sort by (A to Z) option : [[ChromeDriver: chrome on windows (b3fc00ea6379c21ec7367f0f3babe70b)] -> id: input-sort]
2023-12-19 18:12:171 INFO  DesktopPage :98 - List Of Product : [[ChromeDriver: chrome on windows (b3fc00ea6379c21ec7367f0f3babe70b)] -> xpath: //h4/a]
2023-12-19 18:12:293 INFO  ProductPage :55 - Verify Product name : [[ChromeDriver: chrome on windows (b3fc00ea6379c21ec7367f0f3babe70b)] -> css selector: div[id='content'] h1]
2023-12-19 18:12:714 INFO  ShoppingCartPage :51 - Checking for shopping cart text : [[ChromeDriver: chrome on windows (b3fc00ea6379c21ec7367f0f3babe70b)] -> xpath: //div[@id='content']//h1]
2023-12-19 18:12:22 INFO  ShoppingCartPage :56 - Getting product name text in shopping cart : [[ChromeDriver: chrome on windows (b3fc00ea6379c21ec7367f0f3babe70b)] -> xpath: //div[@class = 'table-responsive']/table/tbody/tr/td[2]/a]
2023-12-19 18:12:127 INFO  ShoppingCartPage :66 - Getting model details in shopping cart : [[ChromeDriver: chrome on windows (b3fc00ea6379c21ec7367f0f3babe70b)] -> xpath: //div[@class = 'table-responsive']/table/tbody/tr/td[3]]
2023-12-19 18:12:224 INFO  ShoppingCartPage :71 - Getting total amount in shopping cart : [[ChromeDriver: chrome on windows (b3fc00ea6379c21ec7367f0f3babe70b)] -> xpath: //div[@class = 'table-responsive']/table/tbody/tr/td[6]]
2023-12-19 18:12:604 INFO  HomePage :70 - Clicking on currency selector : [[ChromeDriver: chrome on windows (4f6387115383c6d3d8c021305538800b)] -> xpath: //span[normalize-space()='Currency']]
2023-12-19 18:12:985 INFO  HomePage :72 - Clicking on currency GBP : [[ChromeDriver: chrome on windows (4f6387115383c6d3d8c021305538800b)] -> xpath: //button[normalize-space()='£Pound Sterling']]
2023-12-19 18:12:465 INFO  HomePage :94 - Hovering mouse and clicking on Desktops tab : [[ChromeDriver: chrome on windows (4f6387115383c6d3d8c021305538800b)] -> xpath: //a[@class='dropdown-toggle'][normalize-space()='Desktops']]
2023-12-19 18:12:660 INFO  HomePage :78 - Hovering mouse and Clicking on show all desktops : [[ChromeDriver: chrome on windows (4f6387115383c6d3d8c021305538800b)] -> xpath: //a[normalize-space()='Show AllDesktops']]
2023-12-19 18:12:959 INFO  DesktopPage :43 - Clicking on sort by  option tab : [[ChromeDriver: chrome on windows (4f6387115383c6d3d8c021305538800b)] -> id: input-sort]
2023-12-19 18:12:231 INFO  DesktopPage :48 - Selecting sort by (A to Z) option : [[ChromeDriver: chrome on windows (4f6387115383c6d3d8c021305538800b)] -> id: input-sort]
2023-12-19 18:12:843 INFO  DesktopPage :98 - List Of Product : [[ChromeDriver: chrome on windows (4f6387115383c6d3d8c021305538800b)] -> xpath: //h4/a]
2023-12-19 18:12:912 INFO  ProductPage :55 - Verify Product name : [[ChromeDriver: chrome on windows (4f6387115383c6d3d8c021305538800b)] -> css selector: div[id='content'] h1]
2023-12-19 18:12:100 INFO  ShoppingCartPage :51 - Checking for shopping cart text : [[ChromeDriver: chrome on windows (4f6387115383c6d3d8c021305538800b)] -> xpath: //div[@id='content']//h1]
2023-12-19 18:12:222 INFO  ShoppingCartPage :56 - Getting product name text in shopping cart : [[ChromeDriver: chrome on windows (4f6387115383c6d3d8c021305538800b)] -> xpath: //div[@class = 'table-responsive']/table/tbody/tr/td[2]/a]
2023-12-19 18:12:396 INFO  ShoppingCartPage :66 - Getting model details in shopping cart : [[ChromeDriver: chrome on windows (4f6387115383c6d3d8c021305538800b)] -> xpath: //div[@class = 'table-responsive']/table/tbody/tr/td[3]]
2023-12-19 18:12:582 INFO  ShoppingCartPage :71 - Getting total amount in shopping cart : [[ChromeDriver: chrome on windows (4f6387115383c6d3d8c021305538800b)] -> xpath: //div[@class = 'table-responsive']/table/tbody/tr/td[6]]
2023-12-19 18:12:704 INFO  HomePage :70 - Clicking on currency selector : [[ChromeDriver: chrome on windows (bf5da6ba387ad1dcece4f15e63f38924)] -> xpath: //span[normalize-space()='Currency']]
2023-12-19 18:12:572 INFO  HomePage :72 - Clicking on currency GBP : [[ChromeDriver: chrome on windows (bf5da6ba387ad1dcece4f15e63f38924)] -> xpath: //button[normalize-space()='£Pound Sterling']]
2023-12-19 18:12:841 INFO  HomePage :94 - Hovering mouse and clicking on Desktops tab : [[ChromeDriver: chrome on windows (bf5da6ba387ad1dcece4f15e63f38924)] -> xpath: //a[@class='dropdown-toggle'][normalize-space()='Desktops']]
2023-12-19 18:12:224 INFO  HomePage :78 - Hovering mouse and Clicking on show all desktops : [[ChromeDriver: chrome on windows (bf5da6ba387ad1dcece4f15e63f38924)] -> xpath: //a[normalize-space()='Show AllDesktops']]
2023-12-19 18:12:466 INFO  DesktopPage :43 - Clicking on sort by  option tab : [[ChromeDriver: chrome on windows (bf5da6ba387ad1dcece4f15e63f38924)] -> id: input-sort]
2023-12-19 18:12:761 INFO  DesktopPage :48 - Selecting sort by (A to Z) option : [[ChromeDriver: chrome on windows (bf5da6ba387ad1dcece4f15e63f38924)] -> id: input-sort]
2023-12-19 18:12:706 INFO  DesktopPage :98 - List Of Product : [[ChromeDriver: chrome on windows (bf5da6ba387ad1dcece4f15e63f38924)] -> xpath: //h4/a]
2023-12-19 18:12:768 INFO  ProductPage :55 - Verify Product name : [[ChromeDriver: chrome on windows (bf5da6ba387ad1dcece4f15e63f38924)] -> css selector: div[id='content'] h1]
2023-12-19 18:12:109 INFO  ShoppingCartPage :51 - Checking for shopping cart text : [[ChromeDriver: chrome on windows (bf5da6ba387ad1dcece4f15e63f38924)] -> xpath: //div[@id='content']//h1]
2023-12-19 18:12:256 INFO  ShoppingCartPage :56 - Getting product name text in shopping cart : [[ChromeDriver: chrome on windows (bf5da6ba387ad1dcece4f15e63f38924)] -> xpath: //div[@class = 'table-responsive']/table/tbody/tr/td[2]/a]
2023-12-19 18:12:538 INFO  ShoppingCartPage :66 - Getting model details in shopping cart : [[ChromeDriver: chrome on windows (bf5da6ba387ad1dcece4f15e63f38924)] -> xpath: //div[@class = 'table-responsive']/table/tbody/tr/td[3]]
2023-12-19 18:12:653 INFO  ShoppingCartPage :71 - Getting total amount in shopping cart : [[ChromeDriver: chrome on windows (bf5da6ba387ad1dcece4f15e63f38924)] -> xpath: //div[@class = 'table-responsive']/table/tbody/tr/td[6]]
2023-12-19 18:12:350 INFO  HomePage :70 - Clicking on currency selector : [[ChromeDriver: chrome on windows (68c605d6aa9cd727f53065997e1e0a9f)] -> xpath: //span[normalize-space()='Currency']]
2023-12-19 18:12:936 INFO  HomePage :72 - Clicking on currency GBP : [[ChromeDriver: chrome on windows (68c605d6aa9cd727f53065997e1e0a9f)] -> xpath: //button[normalize-space()='£Pound Sterling']]
2023-12-19 18:12:390 INFO  HomePage :94 - Hovering mouse and clicking on Desktops tab : [[ChromeDriver: chrome on windows (68c605d6aa9cd727f53065997e1e0a9f)] -> xpath: //a[@class='dropdown-toggle'][normalize-space()='Desktops']]
2023-12-19 18:12:09 INFO  HomePage :78 - Hovering mouse and Clicking on show all desktops : [[ChromeDriver: chrome on windows (68c605d6aa9cd727f53065997e1e0a9f)] -> xpath: //a[normalize-space()='Show AllDesktops']]
2023-12-19 18:12:261 INFO  DesktopPage :43 - Clicking on sort by  option tab : [[ChromeDriver: chrome on windows (68c605d6aa9cd727f53065997e1e0a9f)] -> id: input-sort]
2023-12-19 18:12:392 INFO  DesktopPage :48 - Selecting sort by (A to Z) option : [[ChromeDriver: chrome on windows (68c605d6aa9cd727f53065997e1e0a9f)] -> id: input-sort]
2023-12-19 18:12:104 INFO  DesktopPage :98 - List Of Product : [[ChromeDriver: chrome on windows (68c605d6aa9cd727f53065997e1e0a9f)] -> xpath: //h4/a]
2023-12-19 18:12:185 INFO  ProductPage :55 - Verify Product name : [[ChromeDriver: chrome on windows (68c605d6aa9cd727f53065997e1e0a9f)] -> css selector: div[id='content'] h1]
2023-12-19 18:12:383 INFO  ShoppingCartPage :51 - Checking for shopping cart text : [[ChromeDriver: chrome on windows (68c605d6aa9cd727f53065997e1e0a9f)] -> xpath: //div[@id='content']//h1]
2023-12-19 18:12:467 INFO  ShoppingCartPage :56 - Getting product name text in shopping cart : [[ChromeDriver: chrome on windows (68c605d6aa9cd727f53065997e1e0a9f)] -> xpath: //div[@class = 'table-responsive']/table/tbody/tr/td[2]/a]
2023-12-19 18:12:545 INFO  ShoppingCartPage :66 - Getting model details in shopping cart : [[ChromeDriver: chrome on windows (68c605d6aa9cd727f53065997e1e0a9f)] -> xpath: //div[@class = 'table-responsive']/table/tbody/tr/td[3]]
2023-12-19 18:12:703 INFO  ShoppingCartPage :71 - Getting total amount in shopping cart : [[ChromeDriver: chrome on windows (68c605d6aa9cd727f53065997e1e0a9f)] -> xpath: //div[@class = 'table-responsive']/table/tbody/tr/td[6]]
2023-12-19 18:12:447 INFO  HomePage :99 - Hovering mouse and clicking on Laptops and Notebooks tab : [[ChromeDriver: chrome on windows (49e86ff1263ec2cb8649548dc5d00abf)] -> xpath: //a[normalize-space()='Laptops & Notebooks']]
2023-12-19 18:12:764 INFO  HomePage :82 - Hovering mouse and Clicking on show all Laptops and Notebooks : [[ChromeDriver: chrome on windows (49e86ff1263ec2cb8649548dc5d00abf)] -> xpath: //a[normalize-space()='Show AllLaptops & Notebooks']]
2023-12-19 18:12:30 INFO  LaptopAndNoteBookPage :54 - Clicking on SortBy filter drop down : [[ChromeDriver: chrome on windows (49e86ff1263ec2cb8649548dc5d00abf)] -> id: input-sort]
2023-12-19 18:12:151 INFO  LaptopAndNoteBookPage :58 - Selecting sort by Price(High>Low) option : [[ChromeDriver: chrome on windows (49e86ff1263ec2cb8649548dc5d00abf)] -> id: input-sort]
2023-12-19 18:12:468 INFO  LaptopAndNoteBookPage :68 - Taking actual sorted product prices : [[[ChromeDriver: chrome on windows (49e86ff1263ec2cb8649548dc5d00abf)] -> xpath: //p[@class ='price']], [[ChromeDriver: chrome on windows (49e86ff1263ec2cb8649548dc5d00abf)] -> xpath: //p[@class ='price']], [[ChromeDriver: chrome on windows (49e86ff1263ec2cb8649548dc5d00abf)] -> xpath: //p[@class ='price']], [[ChromeDriver: chrome on windows (49e86ff1263ec2cb8649548dc5d00abf)] -> xpath: //p[@class ='price']], [[ChromeDriver: chrome on windows (49e86ff1263ec2cb8649548dc5d00abf)] -> xpath: //p[@class ='price']]]
2023-12-19 18:12:625 INFO  LaptopAndNoteBookPage :81 - Taking the prices and sorting is by collection.sort : [[[ChromeDriver: chrome on windows (49e86ff1263ec2cb8649548dc5d00abf)] -> xpath: //p[@class ='price']], [[ChromeDriver: chrome on windows (49e86ff1263ec2cb8649548dc5d00abf)] -> xpath: //p[@class ='price']], [[ChromeDriver: chrome on windows (49e86ff1263ec2cb8649548dc5d00abf)] -> xpath: //p[@class ='price']], [[ChromeDriver: chrome on windows (49e86ff1263ec2cb8649548dc5d00abf)] -> xpath: //p[@class ='price']], [[ChromeDriver: chrome on windows (49e86ff1263ec2cb8649548dc5d00abf)] -> xpath: //p[@class ='price']]]
2023-12-19 18:12:337 INFO  HomePage :99 - Hovering mouse and clicking on Laptops and Notebooks tab : [[ChromeDriver: chrome on windows (2bf63fcfc424b8bd58e8395aae954808)] -> xpath: //a[normalize-space()='Laptops & Notebooks']]
2023-12-19 18:12:176 INFO  HomePage :82 - Hovering mouse and Clicking on show all Laptops and Notebooks : [[ChromeDriver: chrome on windows (2bf63fcfc424b8bd58e8395aae954808)] -> xpath: //a[normalize-space()='Show AllLaptops & Notebooks']]
2023-12-19 18:12:454 INFO  LaptopAndNoteBookPage :54 - Clicking on SortBy filter drop down : [[ChromeDriver: chrome on windows (2bf63fcfc424b8bd58e8395aae954808)] -> id: input-sort]
2023-12-19 18:12:504 INFO  LaptopAndNoteBookPage :58 - Selecting sort by Price(High>Low) option : [[ChromeDriver: chrome on windows (2bf63fcfc424b8bd58e8395aae954808)] -> id: input-sort]
2023-12-19 18:12:845 INFO  LaptopAndNoteBookPage :87 - Clicking on MacBook product link : [[ChromeDriver: chrome on windows (2bf63fcfc424b8bd58e8395aae954808)] -> link text: MacBook]
2023-12-19 18:12:948 INFO  MacBookPage :31 - Getting text from macbook page : [[ChromeDriver: chrome on windows (2bf63fcfc424b8bd58e8395aae954808)] -> xpath: //h1[contains(text(),'MacBook')]]
2023-12-19 18:12:261 INFO  MacBookPage :37 - Clicking on add to cart : [[ChromeDriver: chrome on windows (2bf63fcfc424b8bd58e8395aae954808)] -> xpath: //button[@id='button-cart']]
2023-12-19 18:12:804 INFO  MacBookPage :41 - Checking for product added to cart successfully : [[ChromeDriver: chrome on windows (2bf63fcfc424b8bd58e8395aae954808)] -> css selector: body:nth-child(2) div.container:nth-child(4) > div.alert.alert-success.alert-dismissible]
2023-12-19 18:12:664 INFO  MacBookPage :47 - Clicking on shopping cart : [[ChromeDriver: chrome on windows (2bf63fcfc424b8bd58e8395aae954808)] -> xpath: //div[@class='alert alert-success alert-dismissible']/a[2]]
2023-12-19 18:12:776 INFO  ShoppingCartPage :51 - Checking for shopping cart text : [[ChromeDriver: chrome on windows (2bf63fcfc424b8bd58e8395aae954808)] -> xpath: //div[@id='content']//h1]
2023-12-19 18:12:856 INFO  ShoppingCartPage :56 - Getting product name text in shopping cart : [[ChromeDriver: chrome on windows (2bf63fcfc424b8bd58e8395aae954808)] -> xpath: //div[@class = 'table-responsive']/table/tbody/tr/td[2]/a]
2023-12-19 18:12:475 INFO  ShoppingCartPage :78 - Sending quantity to quantity box in shopping cart : [[ChromeDriver: chrome on windows (2bf63fcfc424b8bd58e8395aae954808)] -> xpath: //div[@class='input-group btn-block']/input[@type='text']]
2023-12-19 18:12:24 INFO  ShoppingCartPage :83 - Clicking on refresh button : [[ChromeDriver: chrome on windows (2bf63fcfc424b8bd58e8395aae954808)] -> xpath: //i[@class = 'fa fa-refresh']]
2023-12-19 18:12:124 INFO  ShoppingCartPage :87 - Checking for success message after refreshing the product : [[ChromeDriver: chrome on windows (2bf63fcfc424b8bd58e8395aae954808)] -> xpath: //div[@id='checkout-cart']/div[1]]
2023-12-19 18:12:233 INFO  ShoppingCartPage :71 - Getting total amount in shopping cart : [[ChromeDriver: chrome on windows (2bf63fcfc424b8bd58e8395aae954808)] -> xpath: //div[@class = 'table-responsive']/table/tbody/tr/td[6]]
2023-12-19 18:12:382 INFO  ShoppingCartPage :93 - Clicking on logout button : Proxy element for: DefaultElementLocator 'By.xpath: //i[@class = 'fa fa-refresh']'
2023-12-19 18:12:427 INFO  CheckOutPage :87 - Getting text from checkout page : [[ChromeDriver: chrome on windows (2bf63fcfc424b8bd58e8395aae954808)] -> xpath: //h1[contains(text(),'Checkout')]]
2023-12-19 18:12:496 INFO  CheckOutPage :92 - Getting New Customer text : [[ChromeDriver: chrome on windows (2bf63fcfc424b8bd58e8395aae954808)] -> xpath: //h2[contains(text(),'New Customer')]]
2023-12-19 18:12:690 INFO  CheckOutPage :98 - Clicking on Guest checkout radio button : [[ChromeDriver: chrome on windows (2bf63fcfc424b8bd58e8395aae954808)] -> xpath: //div[@id='checkout-checkout']//input[@value='guest']]
2023-12-19 18:12:923 INFO  CheckOutPage :103 - Clicking on continue button : [[ChromeDriver: chrome on windows (2bf63fcfc424b8bd58e8395aae954808)] -> xpath: //input[@id='button-account']]
2023-12-19 18:12:829 INFO  CheckOutPage :118 - Sending firstname to billing details : [[ChromeDriver: chrome on windows (2bf63fcfc424b8bd58e8395aae954808)] -> id: input-payment-firstname]
2023-12-19 18:12:376 INFO  CheckOutPage :123 - Sending lastname to billing details : [[ChromeDriver: chrome on windows (2bf63fcfc424b8bd58e8395aae954808)] -> id: input-payment-lastname]
2023-12-19 18:12:141 INFO  CheckOutPage :128 - Sending email to billing details : [[ChromeDriver: chrome on windows (2bf63fcfc424b8bd58e8395aae954808)] -> id: input-payment-email]
2023-12-19 18:12:414 INFO  CheckOutPage :133 - Sending telephone to billing details : [[ChromeDriver: chrome on windows (2bf63fcfc424b8bd58e8395aae954808)] -> id: input-payment-telephone]
2023-12-19 18:12:306 INFO  CheckOutPage :138 - Sending address to billing details : [[ChromeDriver: chrome on windows (2bf63fcfc424b8bd58e8395aae954808)] -> id: input-payment-address-1]
2023-12-19 18:12:482 INFO  CheckOutPage :143 - Sending city to billing details : [[ChromeDriver: chrome on windows (2bf63fcfc424b8bd58e8395aae954808)] -> id: input-payment-city]
2023-12-19 18:12:666 INFO  CheckOutPage :148 - Sending postcode to billing details : [[ChromeDriver: chrome on windows (2bf63fcfc424b8bd58e8395aae954808)] -> id: input-payment-postcode]
2023-12-19 18:12:814 INFO  CheckOutPage :153 - Selecting country to billing details from dropdown : [[ChromeDriver: chrome on windows (2bf63fcfc424b8bd58e8395aae954808)] -> id: input-payment-country]
2023-12-19 18:12:11 INFO  CheckOutPage :158 - Selecting region to billing details from dropdown : [[ChromeDriver: chrome on windows (2bf63fcfc424b8bd58e8395aae954808)] -> id: input-payment-zone]
2023-12-19 18:12:196 INFO  CheckOutPage :108 - Clicking on continue button in billing details : [[ChromeDriver: chrome on windows (2bf63fcfc424b8bd58e8395aae954808)] -> xpath: //input[@id='button-guest']]
2023-12-19 18:12:556 INFO  CheckOutPage :163 - Sending comments to billing details : [[ChromeDriver: chrome on windows (2bf63fcfc424b8bd58e8395aae954808)] -> name: comment]
2023-12-19 18:12:654 INFO  CheckOutPage :168 - Clicking on terms and condition check box : [[ChromeDriver: chrome on windows (2bf63fcfc424b8bd58e8395aae954808)] -> xpath: //input[@name = 'agree']]
2023-12-19 18:12:769 INFO  CheckOutPage :113 - Clicking on continue button in comments details : [[ChromeDriver: chrome on windows (2bf63fcfc424b8bd58e8395aae954808)] -> id: button-payment-method]
2023-12-19 18:12:370 INFO  CheckOutPage :172 - Getting a payment method required warning message : [[ChromeDriver: chrome on windows (2bf63fcfc424b8bd58e8395aae954808)] -> xpath: //div[@class='alert alert-danger alert-dismissible']]
2023-12-19 18:12:138 INFO  HomePage :122 - Clicking on My Accounts Tab : [[ChromeDriver: chrome on windows (2b3efd636ae47ed7504eb1efda1fdb5e)] -> xpath: //span[contains(text(),'My Account')]]
2023-12-19 18:12:852 INFO  HomePage :126 - Getting text from Register Account : [[ChromeDriver: chrome on windows (2b3efd636ae47ed7504eb1efda1fdb5e)] -> xpath: //h1[contains(text(),'Register Account')]]
2023-12-19 18:12:656 INFO  HomePage :122 - Clicking on My Accounts Tab : [[ChromeDriver: chrome on windows (c3a31593b33c5acb2599961eb4cf1028)] -> xpath: //span[contains(text(),'My Account')]]
2023-12-19 18:12:585 INFO  HomePage :131 - Getting text from Login Account : [[ChromeDriver: chrome on windows (c3a31593b33c5acb2599961eb4cf1028)] -> xpath: //h2[contains(text(),'Returning Customer')]]
2023-12-19 18:12:47 INFO  HomePage :122 - Clicking on My Accounts Tab : [[ChromeDriver: chrome on windows (f999b3658de0c34cdc995d6640833b49)] -> xpath: //span[contains(text(),'My Account')]]
2023-12-19 18:12:410 INFO  RegisterPage :53 - Sending firstname to register page : [[ChromeDriver: chrome on windows (f999b3658de0c34cdc995d6640833b49)] -> name: firstname]
2023-12-19 18:12:655 INFO  RegisterPage :58 - Sending lastname to register page : [[ChromeDriver: chrome on windows (f999b3658de0c34cdc995d6640833b49)] -> name: lastname]
2023-12-19 18:12:943 INFO  RegisterPage :63 - Sending email to register page : [[ChromeDriver: chrome on windows (f999b3658de0c34cdc995d6640833b49)] -> name: email]
2023-12-19 18:12:200 INFO  RegisterPage :68 - Sending telephone to register page : [[ChromeDriver: chrome on windows (f999b3658de0c34cdc995d6640833b49)] -> name: telephone]
2023-12-19 18:12:507 INFO  RegisterPage :73 - Sending password to register page : [[ChromeDriver: chrome on windows (f999b3658de0c34cdc995d6640833b49)] -> name: password]
2023-12-19 18:12:898 INFO  RegisterPage :78 - Sending confirm password to register page : [[ChromeDriver: chrome on windows (f999b3658de0c34cdc995d6640833b49)] -> name: confirm]
2023-12-19 18:12:195 INFO  RegisterPage :83 - Clicking on newsletter check box : [[ChromeDriver: chrome on windows (f999b3658de0c34cdc995d6640833b49)] -> name: newsletter]
2023-12-19 18:12:543 INFO  RegisterPage :88 - Clicking on privacy policy check box : [[ChromeDriver: chrome on windows (f999b3658de0c34cdc995d6640833b49)] -> name: agree]
2023-12-19 18:12:140 INFO  RegisterPage :93 - Clicking on continue button : [[ChromeDriver: chrome on windows (f999b3658de0c34cdc995d6640833b49)] -> xpath: //input[@type='submit']]
2023-12-19 18:12:195 INFO  AccountCreationPage :24 - Getting account creation text Proxy element for: DefaultElementLocator 'By.xpath: //h1[normalize-space()='Your Account Has Been Created!']'
2023-12-19 19:12:334 INFO  HomePage :122 - Clicking on My Accounts Tab : [[ChromeDriver: chrome on windows (991dd3f7d5b59e302c40c3107bec07d5)] -> xpath: //span[contains(text(),'My Account')]]
2023-12-19 19:12:667 INFO  LoginPage :28 - Sending email to login page: [[ChromeDriver: chrome on windows (991dd3f7d5b59e302c40c3107bec07d5)] -> name: email]
2023-12-19 19:12:851 INFO  LoginPage :33 - Sending password to login page: [[ChromeDriver: chrome on windows (991dd3f7d5b59e302c40c3107bec07d5)] -> name: password]
2023-12-19 19:12:493 INFO  LoginPage :38 - Clicking on login button: [[ChromeDriver: chrome on windows (991dd3f7d5b59e302c40c3107bec07d5)] -> xpath: //input[@value='Login']]
2023-12-19 19:12:585 INFO  AccountPage :55 - Getting text from my account : [[ChromeDriver: chrome on windows (991dd3f7d5b59e302c40c3107bec07d5)] -> xpath: //div[@id='content']/h2[text()='My Account']]
2023-12-19 19:12:837 INFO  AccountPage :46 - Clicking on My Account link : [[ChromeDriver: chrome on windows (991dd3f7d5b59e302c40c3107bec07d5)] -> xpath: //a[@title='My Account']]
2023-12-19 19:12:138 INFO  LogoutPage :19 - Getting text from logout page : [[ChromeDriver: chrome on windows (991dd3f7d5b59e302c40c3107bec07d5)] -> xpath: //h1[contains(text(),'Account Logout')]]
2023-12-19 19:12:203 INFO  AccountCreationPage :29 - Clicking on continue after account button [[ChromeDriver: chrome on windows (991dd3f7d5b59e302c40c3107bec07d5)] -> xpath: //a[text()='Continue']]
2023-12-19 19:12:41 INFO  HomePage :94 - Hovering mouse and clicking on Desktops tab : [[ChromeDriver: chrome on windows (84f83e51f5d4ebc384813e47896fefe1)] -> xpath: //a[@class='dropdown-toggle'][normalize-space()='Desktops']]
2023-12-19 19:12:394 INFO  HomePage :78 - Hovering mouse and Clicking on show all desktops : [[ChromeDriver: chrome on windows (84f83e51f5d4ebc384813e47896fefe1)] -> xpath: //a[normalize-space()='Show AllDesktops']]
2023-12-19 19:12:463 INFO  DesktopPage :37 - Getting text from desktops page : [[ChromeDriver: chrome on windows (84f83e51f5d4ebc384813e47896fefe1)] -> xpath: //h2[contains(text(),'Desktops')]]
2023-12-19 19:12:940 INFO  HomePage :99 - Hovering mouse and clicking on Laptops and Notebooks tab : [[ChromeDriver: chrome on windows (901746a629dd578f48599db1a4c15ed5)] -> xpath: //a[normalize-space()='Laptops & Notebooks']]
2023-12-19 19:12:332 INFO  HomePage :82 - Hovering mouse and Clicking on show all Laptops and Notebooks : [[ChromeDriver: chrome on windows (901746a629dd578f48599db1a4c15ed5)] -> xpath: //a[normalize-space()='Show AllLaptops & Notebooks']]
2023-12-19 19:12:392 INFO  LaptopAndNoteBookPage :35 - Getting text from Laptops and Notebooks page : [[ChromeDriver: chrome on windows (901746a629dd578f48599db1a4c15ed5)] -> xpath: //h2[contains(text(),'Laptops & Notebooks')]]
2023-12-19 19:12:216 INFO  HomePage :104 - Hovering mouse and clicking on Components tab : [[ChromeDriver: chrome on windows (e82436b43d5f7bfa902093bb51a9cd48)] -> xpath: //a[normalize-space()='Components']]
2023-12-19 19:12:826 INFO  HomePage :86 - Hovering mouse and Clicking on show all Components : [[ChromeDriver: chrome on windows (e82436b43d5f7bfa902093bb51a9cd48)] -> xpath: //a[normalize-space()='Components']]
2023-12-19 19:12:878 INFO  ComponentsPage :19 - Getting text from components page : [[ChromeDriver: chrome on windows (e82436b43d5f7bfa902093bb51a9cd48)] -> xpath: //h2[contains(text(),'Components')]]
